SF:lib/src/open_meteo_api_client.dart
DA:16,1
DA:17,1
DA:24,1
DA:25,1
DA:28,1
DA:31,2
DA:33,2
DA:34,1
DA:37,2
DA:39,2
DA:41,1
DA:43,2
DA:45,0
DA:48,1
DA:52,1
DA:55,1
DA:56,1
DA:57,1
DA:62,2
DA:64,2
DA:65,1
DA:68,2
DA:70,1
DA:71,1
DA:74,1
DA:76,1
LF:26
LH:25
end_of_record
SF:lib/src/models/location.dart
DA:7,1
DA:19,1
DA:20,1
LF:3
LH:3
end_of_record
SF:lib/src/models/location.g.dart
DA:11,2
DA:14,1
DA:15,1
DA:16,3
DA:17,2
DA:18,3
DA:19,3
LF:7
LH:7
end_of_record
SF:lib/src/models/weather.dart
DA:7,2
DA:16,2
DA:17,2
LF:3
LH:3
end_of_record
SF:lib/src/models/weather.g.dart
DA:11,4
DA:14,2
DA:15,2
DA:17,6
DA:19,6
LF:5
LH:5
end_of_record
